{"C:\\Users\\tonym\\Documents\\careerfoundry\\meet\\src\\App.jsx": {"path":"C:\\Users\\tonym\\Documents\\careerfoundry\\meet\\src\\App.jsx","statementMap":{"0":{"start":{"line":9,"column":12},"end":{"line":41,"column":1}},"1":{"start":{"line":10,"column":30},"end":{"line":10,"column":42}},"2":{"start":{"line":11,"column":38},"end":{"line":11,"column":50}},"3":{"start":{"line":12,"column":42},"end":{"line":12,"column":54}},"4":{"start":{"line":13,"column":40},"end":{"line":13,"column":66}},"5":{"start":{"line":15,"column":2},"end":{"line":17,"column":20}},"6":{"start":{"line":16,"column":4},"end":{"line":16,"column":16}},"7":{"start":{"line":19,"column":20},"end":{"line":26,"column":3}},"8":{"start":{"line":20,"column":22},"end":{"line":20,"column":39}},"9":{"start":{"line":21,"column":27},"end":{"line":23,"column":63}},"10":{"start":{"line":23,"column":32},"end":{"line":23,"column":62}},"11":{"start":{"line":24,"column":4},"end":{"line":24,"column":51}},"12":{"start":{"line":25,"column":4},"end":{"line":25,"column":49}},"13":{"start":{"line":28,"column":2},"end":{"line":40,"column":4}}},"fnMap":{"0":{"name":"(anonymous_0)","decl":{"start":{"line":9,"column":12},"end":{"line":9,"column":13}},"loc":{"start":{"line":9,"column":18},"end":{"line":41,"column":1}},"line":9},"1":{"name":"(anonymous_1)","decl":{"start":{"line":15,"column":12},"end":{"line":15,"column":13}},"loc":{"start":{"line":15,"column":18},"end":{"line":17,"column":3}},"line":15},"2":{"name":"(anonymous_2)","decl":{"start":{"line":19,"column":20},"end":{"line":19,"column":21}},"loc":{"start":{"line":19,"column":32},"end":{"line":26,"column":3}},"line":19},"3":{"name":"(anonymous_3)","decl":{"start":{"line":23,"column":23},"end":{"line":23,"column":24}},"loc":{"start":{"line":23,"column":32},"end":{"line":23,"column":62}},"line":23}},"branchMap":{"0":{"loc":{"start":{"line":21,"column":27},"end":{"line":23,"column":63}},"type":"cond-expr","locations":[{"start":{"line":22,"column":6},"end":{"line":22,"column":15}},{"start":{"line":23,"column":6},"end":{"line":23,"column":63}}],"line":21}},"s":{"0":3,"1":12,"2":11,"3":11,"4":11,"5":11,"6":7,"7":11,"8":7,"9":7,"10":35,"11":7,"12":7,"13":11},"f":{"0":12,"1":7,"2":7,"3":35},"b":{"0":[6,1]},"_coverageSchema":"1a1c01bbd47fc00a2c39e90264f33305004495a9","hash":"92c293ba152c3f2b058c8107920980e76b8eea2c"}
,"C:\\Users\\tonym\\Documents\\careerfoundry\\meet\\src\\api.js": {"path":"C:\\Users\\tonym\\Documents\\careerfoundry\\meet\\src\\api.js","statementMap":{"0":{"start":{"line":13,"column":32},"end":{"line":17,"column":1}},"1":{"start":{"line":14,"column":29},"end":{"line":14,"column":66}},"2":{"start":{"line":14,"column":51},"end":{"line":14,"column":65}},"3":{"start":{"line":15,"column":20},"end":{"line":15,"column":52}},"4":{"start":{"line":16,"column":2},"end":{"line":16,"column":19}},"5":{"start":{"line":19,"column":19},"end":{"line":25,"column":1}},"6":{"start":{"line":20,"column":19},"end":{"line":22,"column":3}},"7":{"start":{"line":23,"column":17},"end":{"line":23,"column":38}},"8":{"start":{"line":24,"column":2},"end":{"line":24,"column":16}},"9":{"start":{"line":31,"column":25},"end":{"line":47,"column":1}},"10":{"start":{"line":32,"column":2},"end":{"line":34,"column":3}},"11":{"start":{"line":33,"column":4},"end":{"line":33,"column":20}},"12":{"start":{"line":36,"column":16},"end":{"line":36,"column":38}},"13":{"start":{"line":38,"column":2},"end":{"line":46,"column":3}},"14":{"start":{"line":39,"column":4},"end":{"line":39,"column":18}},"15":{"start":{"line":40,"column":16},"end":{"line":40,"column":78}},"16":{"start":{"line":41,"column":21},"end":{"line":41,"column":37}},"17":{"start":{"line":42,"column":19},"end":{"line":42,"column":40}},"18":{"start":{"line":43,"column":4},"end":{"line":45,"column":23}},"19":{"start":{"line":44,"column":6},"end":{"line":44,"column":27}},"20":{"start":{"line":45,"column":11},"end":{"line":45,"column":23}},"21":{"start":{"line":49,"column":30},"end":{"line":68,"column":1}},"22":{"start":{"line":50,"column":22},"end":{"line":50,"column":58}},"23":{"start":{"line":51,"column":21},"end":{"line":51,"column":67}},"24":{"start":{"line":53,"column":2},"end":{"line":66,"column":3}},"25":{"start":{"line":54,"column":4},"end":{"line":54,"column":50}},"26":{"start":{"line":55,"column":25},"end":{"line":55,"column":68}},"27":{"start":{"line":56,"column":17},"end":{"line":56,"column":47}},"28":{"start":{"line":57,"column":4},"end":{"line":64,"column":5}},"29":{"start":{"line":58,"column":23},"end":{"line":60,"column":7}},"30":{"start":{"line":61,"column":21},"end":{"line":61,"column":42}},"31":{"start":{"line":62,"column":26},"end":{"line":62,"column":32}},"32":{"start":{"line":63,"column":6},"end":{"line":63,"column":46}},"33":{"start":{"line":65,"column":4},"end":{"line":65,"column":40}},"34":{"start":{"line":67,"column":2},"end":{"line":67,"column":21}},"35":{"start":{"line":70,"column":20},"end":{"line":83,"column":1}},"36":{"start":{"line":72,"column":2},"end":{"line":82,"column":3}},"37":{"start":{"line":73,"column":4},"end":{"line":77,"column":31}},"38":{"start":{"line":78,"column":4},"end":{"line":78,"column":45}},"39":{"start":{"line":80,"column":4},"end":{"line":80,"column":68}},"40":{"start":{"line":81,"column":4},"end":{"line":81,"column":45}},"41":{"start":{"line":85,"column":17},"end":{"line":94,"column":1}},"42":{"start":{"line":86,"column":21},"end":{"line":86,"column":45}},"43":{"start":{"line":87,"column":19},"end":{"line":89,"column":3}},"44":{"start":{"line":90,"column":27},"end":{"line":90,"column":48}},"45":{"start":{"line":91,"column":2},"end":{"line":91,"column":69}},"46":{"start":{"line":93,"column":2},"end":{"line":93,"column":22}}},"fnMap":{"0":{"name":"(anonymous_0)","decl":{"start":{"line":13,"column":32},"end":{"line":13,"column":33}},"loc":{"start":{"line":13,"column":44},"end":{"line":17,"column":1}},"line":13},"1":{"name":"(anonymous_1)","decl":{"start":{"line":14,"column":40},"end":{"line":14,"column":41}},"loc":{"start":{"line":14,"column":51},"end":{"line":14,"column":65}},"line":14},"2":{"name":"(anonymous_2)","decl":{"start":{"line":19,"column":19},"end":{"line":19,"column":20}},"loc":{"start":{"line":19,"column":42},"end":{"line":25,"column":1}},"line":19},"3":{"name":"(anonymous_3)","decl":{"start":{"line":31,"column":25},"end":{"line":31,"column":26}},"loc":{"start":{"line":31,"column":37},"end":{"line":47,"column":1}},"line":31},"4":{"name":"(anonymous_4)","decl":{"start":{"line":49,"column":30},"end":{"line":49,"column":31}},"loc":{"start":{"line":49,"column":42},"end":{"line":68,"column":1}},"line":49},"5":{"name":"(anonymous_5)","decl":{"start":{"line":70,"column":20},"end":{"line":70,"column":21}},"loc":{"start":{"line":70,"column":26},"end":{"line":83,"column":1}},"line":70},"6":{"name":"(anonymous_6)","decl":{"start":{"line":85,"column":17},"end":{"line":85,"column":18}},"loc":{"start":{"line":85,"column":33},"end":{"line":94,"column":1}},"line":85}},"branchMap":{"0":{"loc":{"start":{"line":32,"column":2},"end":{"line":34,"column":3}},"type":"if","locations":[{"start":{"line":32,"column":2},"end":{"line":34,"column":3}},{"start":{},"end":{}}],"line":32},"1":{"loc":{"start":{"line":38,"column":2},"end":{"line":46,"column":3}},"type":"if","locations":[{"start":{"line":38,"column":2},"end":{"line":46,"column":3}},{"start":{},"end":{}}],"line":38},"2":{"loc":{"start":{"line":43,"column":4},"end":{"line":45,"column":23}},"type":"if","locations":[{"start":{"line":43,"column":4},"end":{"line":45,"column":23}},{"start":{"line":45,"column":11},"end":{"line":45,"column":23}}],"line":43},"3":{"loc":{"start":{"line":51,"column":21},"end":{"line":51,"column":67}},"type":"binary-expr","locations":[{"start":{"line":51,"column":21},"end":{"line":51,"column":32}},{"start":{"line":51,"column":37},"end":{"line":51,"column":66}}],"line":51},"4":{"loc":{"start":{"line":53,"column":2},"end":{"line":66,"column":3}},"type":"if","locations":[{"start":{"line":53,"column":2},"end":{"line":66,"column":3}},{"start":{},"end":{}}],"line":53},"5":{"loc":{"start":{"line":53,"column":6},"end":{"line":53,"column":38}},"type":"binary-expr","locations":[{"start":{"line":53,"column":6},"end":{"line":53,"column":18}},{"start":{"line":53,"column":22},"end":{"line":53,"column":38}}],"line":53},"6":{"loc":{"start":{"line":57,"column":4},"end":{"line":64,"column":5}},"type":"if","locations":[{"start":{"line":57,"column":4},"end":{"line":64,"column":5}},{"start":{},"end":{}}],"line":57},"7":{"loc":{"start":{"line":65,"column":11},"end":{"line":65,"column":39}},"type":"binary-expr","locations":[{"start":{"line":65,"column":11},"end":{"line":65,"column":15}},{"start":{"line":65,"column":19},"end":{"line":65,"column":39}}],"line":65},"8":{"loc":{"start":{"line":72,"column":2},"end":{"line":82,"column":3}},"type":"if","locations":[{"start":{"line":72,"column":2},"end":{"line":82,"column":3}},{"start":{"line":79,"column":9},"end":{"line":82,"column":3}}],"line":72},"9":{"loc":{"start":{"line":72,"column":6},"end":{"line":72,"column":58}},"type":"binary-expr","locations":[{"start":{"line":72,"column":6},"end":{"line":72,"column":30}},{"start":{"line":72,"column":34},"end":{"line":72,"column":58}}],"line":72},"10":{"loc":{"start":{"line":91,"column":2},"end":{"line":91,"column":68}},"type":"binary-expr","locations":[{"start":{"line":91,"column":2},"end":{"line":91,"column":14}},{"start":{"line":91,"column":18},"end":{"line":91,"column":68}}],"line":91}},"s":{"0":4,"1":10,"2":350,"3":10,"4":10,"5":4,"6":0,"7":0,"8":0,"9":4,"10":17,"11":17,"12":0,"13":0,"14":0,"15":0,"16":0,"17":0,"18":0,"19":0,"20":0,"21":4,"22":0,"23":0,"24":0,"25":0,"26":0,"27":0,"28":0,"29":0,"30":0,"31":0,"32":0,"33":0,"34":0,"35":4,"36":0,"37":0,"38":0,"39":0,"40":0,"41":4,"42":0,"43":0,"44":0,"45":0,"46":0},"f":{"0":10,"1":350,"2":0,"3":17,"4":0,"5":0,"6":0},"b":{"0":[17,0],"1":[0,0],"2":[0,0],"3":[0,0],"4":[0,0],"5":[0,0],"6":[0,0],"7":[0,0],"8":[0,0],"9":[0,0],"10":[0,0]},"_coverageSchema":"1a1c01bbd47fc00a2c39e90264f33305004495a9","hash":"a0181ca18a381fd80880109ae3fd25dc4f2c7a88"}
,"C:\\Users\\tonym\\Documents\\careerfoundry\\meet\\src\\components\\CitySearch.jsx": {"path":"C:\\Users\\tonym\\Documents\\careerfoundry\\meet\\src\\components\\CitySearch.jsx","statementMap":{"0":{"start":{"line":3,"column":19},"end":{"line":52,"column":1}},"1":{"start":{"line":4,"column":48},"end":{"line":4,"column":63}},"2":{"start":{"line":5,"column":28},"end":{"line":5,"column":40}},"3":{"start":{"line":6,"column":40},"end":{"line":6,"column":52}},"4":{"start":{"line":8,"column":2},"end":{"line":10,"column":26}},"5":{"start":{"line":9,"column":4},"end":{"line":9,"column":33}},"6":{"start":{"line":12,"column":29},"end":{"line":20,"column":3}},"7":{"start":{"line":13,"column":18},"end":{"line":13,"column":36}},"8":{"start":{"line":14,"column":30},"end":{"line":16,"column":11}},"9":{"start":{"line":15,"column":6},"end":{"line":15,"column":70}},"10":{"start":{"line":18,"column":4},"end":{"line":18,"column":20}},"11":{"start":{"line":19,"column":4},"end":{"line":19,"column":38}},"12":{"start":{"line":22,"column":28},"end":{"line":27,"column":3}},"13":{"start":{"line":23,"column":18},"end":{"line":23,"column":42}},"14":{"start":{"line":24,"column":4},"end":{"line":24,"column":20}},"15":{"start":{"line":25,"column":4},"end":{"line":25,"column":30}},"16":{"start":{"line":26,"column":4},"end":{"line":26,"column":26}},"17":{"start":{"line":29,"column":2},"end":{"line":51,"column":3}},"18":{"start":{"line":36,"column":23},"end":{"line":36,"column":47}},"19":{"start":{"line":42,"column":12},"end":{"line":42,"column":85}}},"fnMap":{"0":{"name":"(anonymous_0)","decl":{"start":{"line":3,"column":19},"end":{"line":3,"column":20}},"loc":{"start":{"line":3,"column":57},"end":{"line":52,"column":1}},"line":3},"1":{"name":"(anonymous_1)","decl":{"start":{"line":8,"column":12},"end":{"line":8,"column":13}},"loc":{"start":{"line":8,"column":18},"end":{"line":10,"column":3}},"line":8},"2":{"name":"(anonymous_2)","decl":{"start":{"line":12,"column":29},"end":{"line":12,"column":30}},"loc":{"start":{"line":12,"column":40},"end":{"line":20,"column":3}},"line":12},"3":{"name":"(anonymous_3)","decl":{"start":{"line":14,"column":65},"end":{"line":14,"column":66}},"loc":{"start":{"line":14,"column":79},"end":{"line":16,"column":5}},"line":14},"4":{"name":"(anonymous_4)","decl":{"start":{"line":22,"column":28},"end":{"line":22,"column":29}},"loc":{"start":{"line":22,"column":39},"end":{"line":27,"column":3}},"line":22},"5":{"name":"(anonymous_5)","decl":{"start":{"line":36,"column":17},"end":{"line":36,"column":18}},"loc":{"start":{"line":36,"column":23},"end":{"line":36,"column":47}},"line":36},"6":{"name":"(anonymous_6)","decl":{"start":{"line":41,"column":27},"end":{"line":41,"column":28}},"loc":{"start":{"line":41,"column":43},"end":{"line":43,"column":11}},"line":41}},"branchMap":{"0":{"loc":{"start":{"line":14,"column":30},"end":{"line":16,"column":11}},"type":"cond-expr","locations":[{"start":{"line":14,"column":45},"end":{"line":16,"column":6}},{"start":{"line":16,"column":9},"end":{"line":16,"column":11}}],"line":14},"1":{"loc":{"start":{"line":39,"column":7},"end":{"line":48,"column":14}},"type":"cond-expr","locations":[{"start":{"line":40,"column":8},"end":{"line":47,"column":13}},{"start":{"line":48,"column":10},"end":{"line":48,"column":14}}],"line":39}},"s":{"0":3,"1":58,"2":58,"3":58,"4":58,"5":16,"6":58,"7":18,"8":18,"9":36,"10":18,"11":18,"12":58,"13":2,"14":2,"15":2,"16":2,"17":58,"18":5,"19":26},"f":{"0":58,"1":16,"2":18,"3":36,"4":2,"5":5,"6":26},"b":{"0":[18,0],"1":[24,34]},"_coverageSchema":"1a1c01bbd47fc00a2c39e90264f33305004495a9","hash":"2aa5edc0c96c640ada6f9623ddc85e685c046e53"}
}
