TN:
SF:src\App.jsx
FN:9,(anonymous_0)
FN:15,(anonymous_1)
FN:19,(anonymous_2)
FN:23,(anonymous_3)
FNF:4
FNH:4
FNDA:12,(anonymous_0)
FNDA:7,(anonymous_1)
FNDA:7,(anonymous_2)
FNDA:35,(anonymous_3)
DA:9,3
DA:10,12
DA:11,11
DA:12,11
DA:13,11
DA:15,11
DA:16,7
DA:19,11
DA:20,7
DA:21,7
DA:23,35
DA:24,7
DA:25,7
DA:28,11
LF:14
LH:14
BRDA:21,0,0,6
BRDA:21,0,1,1
BRF:2
BRH:2
end_of_record
TN:
SF:src\api.js
FN:13,(anonymous_0)
FN:14,(anonymous_1)
FN:19,(anonymous_2)
FN:31,(anonymous_3)
FN:49,(anonymous_4)
FN:70,(anonymous_5)
FNF:6
FNH:3
FNDA:10,(anonymous_0)
FNDA:350,(anonymous_1)
FNDA:0,(anonymous_2)
FNDA:17,(anonymous_3)
FNDA:0,(anonymous_4)
FNDA:0,(anonymous_5)
DA:13,4
DA:14,350
DA:15,10
DA:16,10
DA:19,4
DA:20,0
DA:23,0
DA:24,0
DA:31,4
DA:32,17
DA:33,17
DA:36,0
DA:38,0
DA:39,0
DA:40,0
DA:41,0
DA:42,0
DA:43,0
DA:44,0
DA:45,0
DA:49,4
DA:50,0
DA:51,0
DA:53,0
DA:54,0
DA:55,0
DA:56,0
DA:57,0
DA:58,0
DA:61,0
DA:62,0
DA:63,0
DA:65,0
DA:67,0
DA:70,4
DA:72,0
DA:73,0
DA:78,0
DA:80,0
DA:81,0
LF:40
LH:10
BRDA:32,0,0,17
BRDA:32,0,1,0
BRDA:38,1,0,0
BRDA:38,1,1,0
BRDA:43,2,0,0
BRDA:43,2,1,0
BRDA:51,3,0,0
BRDA:51,3,1,0
BRDA:53,4,0,0
BRDA:53,4,1,0
BRDA:53,5,0,0
BRDA:53,5,1,0
BRDA:57,6,0,0
BRDA:57,6,1,0
BRDA:65,7,0,0
BRDA:65,7,1,0
BRDA:72,8,0,0
BRDA:72,8,1,0
BRDA:72,9,0,0
BRDA:72,9,1,0
BRF:20
BRH:1
end_of_record
TN:
SF:src\components\CitySearch.jsx
FN:3,(anonymous_0)
FN:8,(anonymous_1)
FN:12,(anonymous_2)
FN:14,(anonymous_3)
FN:22,(anonymous_4)
FN:36,(anonymous_5)
FN:41,(anonymous_6)
FNF:7
FNH:7
FNDA:58,(anonymous_0)
FNDA:16,(anonymous_1)
FNDA:18,(anonymous_2)
FNDA:36,(anonymous_3)
FNDA:2,(anonymous_4)
FNDA:5,(anonymous_5)
FNDA:26,(anonymous_6)
DA:3,3
DA:4,58
DA:5,58
DA:6,58
DA:8,58
DA:9,16
DA:12,58
DA:13,18
DA:14,18
DA:15,36
DA:18,18
DA:19,18
DA:22,58
DA:23,2
DA:24,2
DA:25,2
DA:26,2
DA:29,58
DA:36,5
DA:42,26
LF:20
LH:20
BRDA:14,0,0,18
BRDA:14,0,1,0
BRDA:39,1,0,24
BRDA:39,1,1,34
BRF:4
BRH:3
end_of_record
